\BOOKMARK [0][-]{chapter*.3}{Abstract}{}% 1
\BOOKMARK [0][-]{chapter*.4}{Symbols}{}% 2
\BOOKMARK [0][-]{chapter.1}{Introduction}{}% 3
\BOOKMARK [1][-]{section.1.1}{Motivation}{chapter.1}% 4
\BOOKMARK [1][-]{section.1.2}{Literature review}{chapter.1}% 5
\BOOKMARK [1][-]{section.1.3}{Problem Statement}{chapter.1}% 6
\BOOKMARK [0][-]{chapter.2}{Method}{}% 7
\BOOKMARK [1][-]{section.2.1}{Modelisation of MAVs}{chapter.2}% 8
\BOOKMARK [1][-]{section.2.2}{Optimization problem}{chapter.2}% 9
\BOOKMARK [1][-]{section.2.3}{Optimization tool}{chapter.2}% 10
\BOOKMARK [1][-]{section.2.4}{Control Approach}{chapter.2}% 11
\BOOKMARK [0][-]{chapter.3}{Optimization Results}{}% 12
\BOOKMARK [1][-]{section.3.1}{Even Designs}{chapter.3}% 13
\BOOKMARK [2][-]{subsection.3.1.1}{Platonic Solids}{section.3.1}% 14
\BOOKMARK [2][-]{subsection.3.1.2}{Quad-copter}{section.3.1}% 15
\BOOKMARK [2][-]{subsection.3.1.3}{Hexa-copter}{section.3.1}% 16
\BOOKMARK [2][-]{subsection.3.1.4}{Octa-copter}{section.3.1}% 17
\BOOKMARK [1][-]{section.3.2}{Odd Designs}{chapter.3}% 18
\BOOKMARK [2][-]{subsection.3.2.1}{Tri-copter}{section.3.2}% 19
\BOOKMARK [2][-]{subsection.3.2.2}{Penta-copter}{section.3.2}% 20
\BOOKMARK [2][-]{subsection.3.2.3}{Hepta-copter}{section.3.2}% 21
\BOOKMARK [1][-]{section.3.3}{Comparison of Different Designs}{chapter.3}% 22
\BOOKMARK [0][-]{chapter.4}{Simulation Results}{}% 23
\BOOKMARK [1][-]{section.4.1}{Hexa-copter}{chapter.4}% 24
\BOOKMARK [1][-]{section.4.2}{Hepta-copter}{chapter.4}% 25
\BOOKMARK [1][-]{section.4.3}{Octa-copter}{chapter.4}% 26
\BOOKMARK [0][-]{chapter.5}{Conclusion}{}% 27
\BOOKMARK [1][-]{section.5.1}{Summary/Achieved}{chapter.5}% 28
\BOOKMARK [1][-]{section.5.2}{Improvements}{chapter.5}% 29
\BOOKMARK [1][-]{section.5.3}{Further Developement}{chapter.5}% 30
\BOOKMARK [0][-]{chapter*.8}{Bibliography}{}% 31
\BOOKMARK [0][-]{appendix.A}{UML: Activity Diagram}{}% 32
